Using pre-set license
Built from '2020.3/staging' branch; Version is '2020.3.38f1 (8f5fde82e2dc) revision 9396190'; Using compiler version '192528614'; Build Type 'Release'
OS: 'Windows 10  (10.0.19044) 64bit Core' Language: 'ko' Physical Memory: 16303 MB
BatchMode: 1, IsHumanControllingUs: 0, StartBugReporterOnCrash: 0, Is64bit: 1, IsPro: 0

COMMAND LINE ARGUMENTS:
C:\Program Files\Unity\Hub\Editor\2020.3.38f1\Editor\Unity.exe
-adb2
-batchMode
-noUpm
-name
AssetImportWorker0
-projectPath
C:/Users/USER/Documents/rightNovelHide/rightnovelsearch
-logFile
Logs/AssetImportWorker0.log
-srvPort
10476
Successfully changed project path to: C:/Users/USER/Documents/rightNovelHide/rightnovelsearch
C:/Users/USER/Documents/rightNovelHide/rightnovelsearch
Using Asset Import Pipeline V2.
Refreshing native plugins compatible for Editor in 54.84 ms, found 3 plugins.
Preloading 0 native plugins for Editor in 0.00 ms.
Initialize engine version: 2020.3.38f1 (8f5fde82e2dc)
[Subsystems] Discovering subsystems at path C:/Program Files/Unity/Hub/Editor/2020.3.38f1/Editor/Data/Resources/UnitySubsystems
[Subsystems] Discovering subsystems at path C:/Users/USER/Documents/rightNovelHide/rightnovelsearch/Assets
GfxDevice: creating device client; threaded=0
Direct3D:
    Version:  Direct3D 11.0 [level 11.1]
    Renderer: NVIDIA GeForce RTX 2060 (ID=0x1f51)
    Vendor:   
    VRAM:     5980 MB
    Driver:   26.21.14.3162
Initialize mono
Mono path[0] = 'C:/Program Files/Unity/Hub/Editor/2020.3.38f1/Editor/Data/Managed'
Mono path[1] = 'C:/Program Files/Unity/Hub/Editor/2020.3.38f1/Editor/Data/MonoBleedingEdge/lib/mono/unityjit'
Mono config path = 'C:/Program Files/Unity/Hub/Editor/2020.3.38f1/Editor/Data/MonoBleedingEdge/etc'
Using monoOptions --debugger-agent=transport=dt_socket,embedding=1,server=y,suspend=n,address=127.0.0.1:56392
Begin MonoManager ReloadAssembly
Registering precompiled unity dll's ...
Register platform support module: C:/Program Files/Unity/Hub/Editor/2020.3.38f1/Editor/Data/PlaybackEngines/WindowsStandaloneSupport/UnityEditor.WindowsStandalone.Extensions.dll
Registered in 0.002652 seconds.
Native extension for WindowsStandalone target not found
Refreshing native plugins compatible for Editor in 40.79 ms, found 3 plugins.
Preloading 0 native plugins for Editor in 0.00 ms.
Mono: successfully reloaded assembly
- Completed reload, in  0.677 seconds
Domain Reload Profiling:
	ReloadAssembly (678ms)
		BeginReloadAssembly (104ms)
			ExecutionOrderSort (0ms)
			DisableScriptedObjects (0ms)
			BackupInstance (0ms)
			ReleaseScriptingObjects (0ms)
			CreateAndSetChildDomain (1ms)
		EndReloadAssembly (490ms)
			LoadAssemblies (101ms)
			RebuildTransferFunctionScriptingTraits (0ms)
			SetupTypeCache (160ms)
			ReleaseScriptCaches (0ms)
			RebuildScriptCaches (34ms)
			SetupLoadedEditorAssemblies (179ms)
				LogAssemblyErrors (0ms)
				InitializePlatformSupportModulesInManaged (6ms)
				SetLoadedEditorAssemblies (1ms)
				RefreshPlugins (41ms)
				BeforeProcessingInitializeOnLoad (17ms)
				ProcessInitializeOnLoadAttributes (88ms)
				ProcessInitializeOnLoadMethodAttributes (27ms)
				AfterProcessingInitializeOnLoad (0ms)
				EditorAssembliesLoaded (0ms)
			ExecutionOrderSort2 (0ms)
			AwakeInstancesAfterBackupRestoration (0ms)
Platform modules already initialized, skipping
Registering precompiled user dll's ...
Registered in 0.004275 seconds.
Begin MonoManager ReloadAssembly
Native extension for WindowsStandalone target not found
Refreshing native plugins compatible for Editor in 41.31 ms, found 3 plugins.
Preloading 0 native plugins for Editor in 0.00 ms.
Mono: successfully reloaded assembly
- Completed reload, in  1.138 seconds
Domain Reload Profiling:
	ReloadAssembly (1139ms)
		BeginReloadAssembly (162ms)
			ExecutionOrderSort (0ms)
			DisableScriptedObjects (5ms)
			BackupInstance (0ms)
			ReleaseScriptingObjects (0ms)
			CreateAndSetChildDomain (18ms)
		EndReloadAssembly (915ms)
			LoadAssemblies (114ms)
			RebuildTransferFunctionScriptingTraits (0ms)
			SetupTypeCache (284ms)
			ReleaseScriptCaches (0ms)
			RebuildScriptCaches (52ms)
			SetupLoadedEditorAssemblies (368ms)
				LogAssemblyErrors (0ms)
				InitializePlatformSupportModulesInManaged (4ms)
				SetLoadedEditorAssemblies (0ms)
				RefreshPlugins (41ms)
				BeforeProcessingInitializeOnLoad (91ms)
				ProcessInitializeOnLoadAttributes (202ms)
				ProcessInitializeOnLoadMethodAttributes (21ms)
				AfterProcessingInitializeOnLoad (8ms)
				EditorAssembliesLoaded (0ms)
			ExecutionOrderSort2 (0ms)
			AwakeInstancesAfterBackupRestoration (2ms)
Platform modules already initialized, skipping
========================================================================
Worker process is ready to serve import requests
Launched and connected shader compiler UnityShaderCompiler.exe after 0.06 seconds
Refreshing native plugins compatible for Editor in 0.48 ms, found 3 plugins.
Preloading 0 native plugins for Editor in 0.00 ms.
Unloading 2221 Unused Serialized files (Serialized files now loaded: 0)
System memory in use before: 97.5 MB.
System memory in use after: 97.5 MB.

Unloading 31 unused Assets to reduce memory usage. Loaded Objects now: 2652.
Total: 2.764600 ms (FindLiveObjects: 0.140500 ms CreateObjectMapping: 0.076500 ms MarkObjects: 2.427300 ms  DeleteObjects: 0.119700 ms)

AssetImportParameters requested are different than current active one (requested -> active):
  custom:framework-win-MediaFoundation: 216162199b28c13a410421893ffa2e32 -> 
  custom:video-decoder-ogg-theora: a1e56fd34408186e4bbccfd4996cb3dc -> 
  custom:container-muxer-webm: aa71ff27fc2769a1b78a27578f13a17b -> 
  custom:container-demuxer-webm: 4f35f7cbe854078d1ac9338744f61a02 -> 
  custom:container-demuxer-ogg: 62fdf1f143b41e24485cea50d1cbac27 -> 
  custom:video-encoder-webm-vp8: eb34c28f22e8b96e1ab97ce403110664 -> 
  custom:video-decoder-webm-vp8: 9c59270c3fd7afecdb556c50c9e8de78 -> 
  custom:audio-decoder-ogg-vorbis: bf7c407c2cedff20999df2af8eb42d56 -> 
  custom:audio-encoder-webm-vorbis: bf7c407c2cedff20999df2af8eb42d56 -> 
========================================================================
Received Import Request.
  path: Assets/Scripts/ElementsItem.cs
  artifactKey: Guid(9aed39a6ca2d3d548b4dba016e31e333) Importer(815301076,1909f56bfc062723c751e8b465ee728b)
Start importing Assets/Scripts/ElementsItem.cs using Guid(9aed39a6ca2d3d548b4dba016e31e333) Importer(815301076,1909f56bfc062723c751e8b465ee728b)  -> (artifact id: 'a88488a77b7a1ab17a9dfd19f1f7afb3') in 0.062149 seconds 
========================================================================
Received Import Request.
  Time since last request: 89.679512 seconds.
  path: Assets/Scripts/HideFloor.cs
  artifactKey: Guid(997205de3fc98ef45884b15183a7fe68) Importer(815301076,1909f56bfc062723c751e8b465ee728b)
Start importing Assets/Scripts/HideFloor.cs using Guid(997205de3fc98ef45884b15183a7fe68) Importer(815301076,1909f56bfc062723c751e8b465ee728b)  -> (artifact id: '2ba0bee08d9dcaace31bd31849d9a860') in 0.007093 seconds 
========================================================================
Received Import Request.
  Time since last request: 2.762936 seconds.
  path: Assets/Scripts/LightNovel.cs
  artifactKey: Guid(84dbad6599fd19a4fbdd1ab6a2ff8552) Importer(815301076,1909f56bfc062723c751e8b465ee728b)
Start importing Assets/Scripts/LightNovel.cs using Guid(84dbad6599fd19a4fbdd1ab6a2ff8552) Importer(815301076,1909f56bfc062723c751e8b465ee728b)  -> (artifact id: '19f552d2e6004f62f4ccd3ab4deeea31') in 0.007492 seconds 
========================================================================
Received Import Request.
  Time since last request: 429.594187 seconds.
  path: Assets/Scripts/Box.cs
  artifactKey: Guid(0664e443a321b7847b45ae704613e681) Importer(815301076,1909f56bfc062723c751e8b465ee728b)
Start importing Assets/Scripts/Box.cs using Guid(0664e443a321b7847b45ae704613e681) Importer(815301076,1909f56bfc062723c751e8b465ee728b)  -> (artifact id: '994e29630ab6dd247a88783c9d3c6e0c') in 0.006620 seconds 
========================================================================
Received Import Request.
  Time since last request: 12.880838 seconds.
  path: Assets/Scripts/Box.cs
  artifactKey: Guid(0664e443a321b7847b45ae704613e681) Importer(815301076,1909f56bfc062723c751e8b465ee728b)
Start importing Assets/Scripts/Box.cs using Guid(0664e443a321b7847b45ae704613e681) Importer(815301076,1909f56bfc062723c751e8b465ee728b)  -> (artifact id: '2636d1d61d69c2ed05123bfd05e633d3') in 0.003566 seconds 
========================================================================
Received Import Request.
  Time since last request: 1.603733 seconds.
  path: Assets/Scripts/Box.cs
  artifactKey: Guid(0664e443a321b7847b45ae704613e681) Importer(815301076,1909f56bfc062723c751e8b465ee728b)
Start importing Assets/Scripts/Box.cs using Guid(0664e443a321b7847b45ae704613e681) Importer(815301076,1909f56bfc062723c751e8b465ee728b)  -> (artifact id: '15b0ab8d0daa1e62ac7d90694d1ac0f6') in 0.003596 seconds 
========================================================================
Received Import Request.
  Time since last request: 12.440574 seconds.
  path: Assets/Scripts/Box.cs
  artifactKey: Guid(0664e443a321b7847b45ae704613e681) Importer(815301076,1909f56bfc062723c751e8b465ee728b)
Start importing Assets/Scripts/Box.cs using Guid(0664e443a321b7847b45ae704613e681) Importer(815301076,1909f56bfc062723c751e8b465ee728b)  -> (artifact id: 'cb7e0685d3b72f076191dc2e68f51839') in 0.003823 seconds 
========================================================================
Received Import Request.
  Time since last request: 15.256000 seconds.
  path: Assets/Scripts/Box.cs
  artifactKey: Guid(0664e443a321b7847b45ae704613e681) Importer(815301076,1909f56bfc062723c751e8b465ee728b)
Start importing Assets/Scripts/Box.cs using Guid(0664e443a321b7847b45ae704613e681) Importer(815301076,1909f56bfc062723c751e8b465ee728b)  -> (artifact id: 'c91514d12a323d5be4cff949e98f827b') in 0.004276 seconds 
========================================================================
Received Import Request.
  Time since last request: 13.199836 seconds.
  path: Assets/Scripts/Box.cs
  artifactKey: Guid(0664e443a321b7847b45ae704613e681) Importer(815301076,1909f56bfc062723c751e8b465ee728b)
Start importing Assets/Scripts/Box.cs using Guid(0664e443a321b7847b45ae704613e681) Importer(815301076,1909f56bfc062723c751e8b465ee728b)  -> (artifact id: '9c5eb6b33ae2cbe6a46108774c96e61a') in 0.003974 seconds 
========================================================================
Received Import Request.
  Time since last request: 7.303114 seconds.
  path: Assets/Scripts/Box.cs
  artifactKey: Guid(0664e443a321b7847b45ae704613e681) Importer(815301076,1909f56bfc062723c751e8b465ee728b)
Start importing Assets/Scripts/Box.cs using Guid(0664e443a321b7847b45ae704613e681) Importer(815301076,1909f56bfc062723c751e8b465ee728b)  -> (artifact id: 'b98c2b64aa21202e96601e194baf59c8') in 0.003677 seconds 
========================================================================
Received Import Request.
  Time since last request: 13.344490 seconds.
  path: Assets/Scripts/Box.cs
  artifactKey: Guid(0664e443a321b7847b45ae704613e681) Importer(815301076,1909f56bfc062723c751e8b465ee728b)
Start importing Assets/Scripts/Box.cs using Guid(0664e443a321b7847b45ae704613e681) Importer(815301076,1909f56bfc062723c751e8b465ee728b)  -> (artifact id: '98c575b7c1c3e449cbc348976c2083ac') in 0.004177 seconds 
========================================================================
Received Import Request.
  Time since last request: 3.284623 seconds.
  path: Assets/Scripts/Box.cs
  artifactKey: Guid(0664e443a321b7847b45ae704613e681) Importer(815301076,1909f56bfc062723c751e8b465ee728b)
Start importing Assets/Scripts/Box.cs using Guid(0664e443a321b7847b45ae704613e681) Importer(815301076,1909f56bfc062723c751e8b465ee728b)  -> (artifact id: '3e8967435e836be8f4f9ac635a50c8d1') in 0.004058 seconds 
========================================================================
Received Import Request.
  Time since last request: 3.041437 seconds.
  path: Assets/Scripts/Box.cs
  artifactKey: Guid(0664e443a321b7847b45ae704613e681) Importer(815301076,1909f56bfc062723c751e8b465ee728b)
Start importing Assets/Scripts/Box.cs using Guid(0664e443a321b7847b45ae704613e681) Importer(815301076,1909f56bfc062723c751e8b465ee728b)  -> (artifact id: 'c16fda66b3fd85cdfbd628f4b4fa48dc') in 0.004281 seconds 
========================================================================
Received Import Request.
  Time since last request: 4.619020 seconds.
  path: Assets/Scripts/Box.cs
  artifactKey: Guid(0664e443a321b7847b45ae704613e681) Importer(815301076,1909f56bfc062723c751e8b465ee728b)
Start importing Assets/Scripts/Box.cs using Guid(0664e443a321b7847b45ae704613e681) Importer(815301076,1909f56bfc062723c751e8b465ee728b)  -> (artifact id: '8c1b485f537a4aa92bddd3d5c834a909') in 0.003638 seconds 
========================================================================
Received Import Request.
  Time since last request: 13.781984 seconds.
  path: Assets/Scripts/Box.cs
  artifactKey: Guid(0664e443a321b7847b45ae704613e681) Importer(815301076,1909f56bfc062723c751e8b465ee728b)
Start importing Assets/Scripts/Box.cs using Guid(0664e443a321b7847b45ae704613e681) Importer(815301076,1909f56bfc062723c751e8b465ee728b)  -> (artifact id: '3f0c901340a52474be02c9603e351821') in 0.003594 seconds 
========================================================================
Received Import Request.
  Time since last request: 8.556014 seconds.
  path: Assets/Scripts/Box.cs
  artifactKey: Guid(0664e443a321b7847b45ae704613e681) Importer(815301076,1909f56bfc062723c751e8b465ee728b)
Start importing Assets/Scripts/Box.cs using Guid(0664e443a321b7847b45ae704613e681) Importer(815301076,1909f56bfc062723c751e8b465ee728b)  -> (artifact id: '9c9b59846abe852110059112679a2c49') in 0.003733 seconds 
========================================================================
Received Import Request.
  Time since last request: 12.863505 seconds.
  path: Assets/Scripts/Box.cs
  artifactKey: Guid(0664e443a321b7847b45ae704613e681) Importer(815301076,1909f56bfc062723c751e8b465ee728b)
Start importing Assets/Scripts/Box.cs using Guid(0664e443a321b7847b45ae704613e681) Importer(815301076,1909f56bfc062723c751e8b465ee728b)  -> (artifact id: '503215b340762cabd0598667f906ce5b') in 0.003932 seconds 
========================================================================
Received Import Request.
  Time since last request: 5.471675 seconds.
  path: Assets/Scripts/Box.cs
  artifactKey: Guid(0664e443a321b7847b45ae704613e681) Importer(815301076,1909f56bfc062723c751e8b465ee728b)
Start importing Assets/Scripts/Box.cs using Guid(0664e443a321b7847b45ae704613e681) Importer(815301076,1909f56bfc062723c751e8b465ee728b)  -> (artifact id: '0ab06bc72a405dc8d1e2be267314edcc') in 0.003782 seconds 
========================================================================
Received Import Request.
  Time since last request: 8.517636 seconds.
  path: Assets/Scripts/Box.cs
  artifactKey: Guid(0664e443a321b7847b45ae704613e681) Importer(815301076,1909f56bfc062723c751e8b465ee728b)
Start importing Assets/Scripts/Box.cs using Guid(0664e443a321b7847b45ae704613e681) Importer(815301076,1909f56bfc062723c751e8b465ee728b)  -> (artifact id: '4563f5f9d223a335bcf240ea069d32d1') in 0.004405 seconds 
========================================================================
Received Import Request.
  Time since last request: 15.887445 seconds.
  path: Assets/Scripts/Box.cs
  artifactKey: Guid(0664e443a321b7847b45ae704613e681) Importer(815301076,1909f56bfc062723c751e8b465ee728b)
Start importing Assets/Scripts/Box.cs using Guid(0664e443a321b7847b45ae704613e681) Importer(815301076,1909f56bfc062723c751e8b465ee728b)  -> (artifact id: '25c38aae13508e27bf6ec019dceb03bf') in 0.004136 seconds 
========================================================================
Received Import Request.
  Time since last request: 17.645107 seconds.
  path: Assets/Scripts/Box.cs
  artifactKey: Guid(0664e443a321b7847b45ae704613e681) Importer(815301076,1909f56bfc062723c751e8b465ee728b)
Start importing Assets/Scripts/Box.cs using Guid(0664e443a321b7847b45ae704613e681) Importer(815301076,1909f56bfc062723c751e8b465ee728b)  -> (artifact id: '3703180519af422186f70e23ad5d6a0c') in 0.004106 seconds 
========================================================================
Received Import Request.
  Time since last request: 6.047229 seconds.
  path: Assets/Scripts/Box.cs
  artifactKey: Guid(0664e443a321b7847b45ae704613e681) Importer(815301076,1909f56bfc062723c751e8b465ee728b)
Start importing Assets/Scripts/Box.cs using Guid(0664e443a321b7847b45ae704613e681) Importer(815301076,1909f56bfc062723c751e8b465ee728b)  -> (artifact id: '0095f68972df936a07ccb04ded4ad610') in 0.003988 seconds 
========================================================================
Received Import Request.
  Time since last request: 12.210691 seconds.
  path: Assets/Scripts/Box.cs
  artifactKey: Guid(0664e443a321b7847b45ae704613e681) Importer(815301076,1909f56bfc062723c751e8b465ee728b)
Start importing Assets/Scripts/Box.cs using Guid(0664e443a321b7847b45ae704613e681) Importer(815301076,1909f56bfc062723c751e8b465ee728b)  -> (artifact id: '618a337bf62f2961b9bf4be41271aa21') in 0.004117 seconds 
========================================================================
Received Import Request.
  Time since last request: 51.753141 seconds.
  path: Assets/Scripts/Box.cs
  artifactKey: Guid(0664e443a321b7847b45ae704613e681) Importer(815301076,1909f56bfc062723c751e8b465ee728b)
Start importing Assets/Scripts/Box.cs using Guid(0664e443a321b7847b45ae704613e681) Importer(815301076,1909f56bfc062723c751e8b465ee728b)  -> (artifact id: '80f5e98ca4e8ae7ea071b9c8321a9e79') in 0.004436 seconds 
========================================================================
Received Import Request.
  Time since last request: 22.954252 seconds.
  path: Assets/Scripts/Box.cs
  artifactKey: Guid(0664e443a321b7847b45ae704613e681) Importer(815301076,1909f56bfc062723c751e8b465ee728b)
Start importing Assets/Scripts/Box.cs using Guid(0664e443a321b7847b45ae704613e681) Importer(815301076,1909f56bfc062723c751e8b465ee728b)  -> (artifact id: '9d02456f689224a6b471febeb24c2f7e') in 0.003806 seconds 
========================================================================
Received Import Request.
  Time since last request: 9.190830 seconds.
  path: Assets/Scripts/Box.cs
  artifactKey: Guid(0664e443a321b7847b45ae704613e681) Importer(815301076,1909f56bfc062723c751e8b465ee728b)
Start importing Assets/Scripts/Box.cs using Guid(0664e443a321b7847b45ae704613e681) Importer(815301076,1909f56bfc062723c751e8b465ee728b)  -> (artifact id: 'cd8cb63cdc278d0763113d56211a3a97') in 0.004019 seconds 
========================================================================
Received Import Request.
  Time since last request: 650.472799 seconds.
  path: Assets/Scripts/Box.cs
  artifactKey: Guid(0664e443a321b7847b45ae704613e681) Importer(815301076,1909f56bfc062723c751e8b465ee728b)
Start importing Assets/Scripts/Box.cs using Guid(0664e443a321b7847b45ae704613e681) Importer(815301076,1909f56bfc062723c751e8b465ee728b)  -> (artifact id: '494e0b20a9e4643747bba2037f1eaf7f') in 0.004715 seconds 
========================================================================
Received Import Request.
  Time since last request: 397.290852 seconds.
  path: Assets/Scripts/Box.cs
  artifactKey: Guid(0664e443a321b7847b45ae704613e681) Importer(815301076,1909f56bfc062723c751e8b465ee728b)
Start importing Assets/Scripts/Box.cs using Guid(0664e443a321b7847b45ae704613e681) Importer(815301076,1909f56bfc062723c751e8b465ee728b)  -> (artifact id: '48ac9aaa87031a2c59c255278376c5ca') in 0.004407 seconds 
========================================================================
Received Import Request.
  Time since last request: 160.653467 seconds.
  path: Assets/Scripts/Box.cs
  artifactKey: Guid(0664e443a321b7847b45ae704613e681) Importer(815301076,1909f56bfc062723c751e8b465ee728b)
Start importing Assets/Scripts/Box.cs using Guid(0664e443a321b7847b45ae704613e681) Importer(815301076,1909f56bfc062723c751e8b465ee728b)  -> (artifact id: 'd132e67e4974c877d4ed6d21d828a3ad') in 0.004325 seconds 
========================================================================
Received Import Request.
  Time since last request: 7.225870 seconds.
  path: Assets/Scripts/Box.cs
  artifactKey: Guid(0664e443a321b7847b45ae704613e681) Importer(815301076,1909f56bfc062723c751e8b465ee728b)
Start importing Assets/Scripts/Box.cs using Guid(0664e443a321b7847b45ae704613e681) Importer(815301076,1909f56bfc062723c751e8b465ee728b)  -> (artifact id: '49126ffc608ea70b657794634dd0d8bb') in 0.004338 seconds 
========================================================================
Received Import Request.
  Time since last request: 4.743514 seconds.
  path: Assets/Scripts/Box.cs
  artifactKey: Guid(0664e443a321b7847b45ae704613e681) Importer(815301076,1909f56bfc062723c751e8b465ee728b)
Start importing Assets/Scripts/Box.cs using Guid(0664e443a321b7847b45ae704613e681) Importer(815301076,1909f56bfc062723c751e8b465ee728b)  -> (artifact id: '667a46f5ab4e64220246fe96f0deb4f9') in 0.003729 seconds 
========================================================================
Received Import Request.
  Time since last request: 7.214341 seconds.
  path: Assets/Scripts/Box.cs
  artifactKey: Guid(0664e443a321b7847b45ae704613e681) Importer(815301076,1909f56bfc062723c751e8b465ee728b)
Start importing Assets/Scripts/Box.cs using Guid(0664e443a321b7847b45ae704613e681) Importer(815301076,1909f56bfc062723c751e8b465ee728b)  -> (artifact id: '9cb2b85ae42256f0fcb4c30096ed818f') in 0.004970 seconds 
========================================================================
Received Import Request.
  Time since last request: 3.136284 seconds.
  path: Assets/Scripts/Box.cs
  artifactKey: Guid(0664e443a321b7847b45ae704613e681) Importer(815301076,1909f56bfc062723c751e8b465ee728b)
Start importing Assets/Scripts/Box.cs using Guid(0664e443a321b7847b45ae704613e681) Importer(815301076,1909f56bfc062723c751e8b465ee728b)  -> (artifact id: 'a25466cfb7b8c53c34aa9243116bca2a') in 0.004522 seconds 
========================================================================
Received Prepare
Registering precompiled user dll's ...
Registered in 0.005254 seconds.
Begin MonoManager ReloadAssembly
Native extension for WindowsStandalone target not found
Refreshing native plugins compatible for Editor in 0.44 ms, found 3 plugins.
Preloading 0 native plugins for Editor in 0.00 ms.
Mono: successfully reloaded assembly
- Completed reload, in  1.215 seconds
Domain Reload Profiling:
	ReloadAssembly (1216ms)
		BeginReloadAssembly (158ms)
			ExecutionOrderSort (0ms)
			DisableScriptedObjects (9ms)
			BackupInstance (0ms)
			ReleaseScriptingObjects (0ms)
			CreateAndSetChildDomain (42ms)
		EndReloadAssembly (980ms)
			LoadAssemblies (137ms)
			RebuildTransferFunctionScriptingTraits (0ms)
			SetupTypeCache (329ms)
			ReleaseScriptCaches (1ms)
			RebuildScriptCaches (59ms)
			SetupLoadedEditorAssemblies (352ms)
				LogAssemblyErrors (0ms)
				InitializePlatformSupportModulesInManaged (6ms)
				SetLoadedEditorAssemblies (1ms)
				RefreshPlugins (1ms)
				BeforeProcessingInitializeOnLoad (105ms)
				ProcessInitializeOnLoadAttributes (214ms)
				ProcessInitializeOnLoadMethodAttributes (17ms)
				AfterProcessingInitializeOnLoad (9ms)
				EditorAssembliesLoaded (0ms)
			ExecutionOrderSort2 (0ms)
			AwakeInstancesAfterBackupRestoration (5ms)
Platform modules already initialized, skipping
Switching build target platform(19) subTarget(0) extendedPlatform(0) -> platform(13) subTarget(537395200) extendedPlatform(0)
Refreshing native plugins compatible for Editor in 0.63 ms, found 3 plugins.
Preloading 0 native plugins for Editor in 0.00 ms.
Unloading 2219 Unused Serialized files (Serialized files now loaded: 0)
System memory in use before: 97.5 MB.
System memory in use after: 97.5 MB.

Unloading 20 unused Assets to reduce memory usage. Loaded Objects now: 2655.
Total: 3.168300 ms (FindLiveObjects: 0.151400 ms CreateObjectMapping: 0.066700 ms MarkObjects: 2.794200 ms  DeleteObjects: 0.155400 ms)

AssetImportParameters requested are different than current active one (requested -> active):
  custom:framework-win-MediaFoundation: 216162199b28c13a410421893ffa2e32 -> 
  custom:video-decoder-ogg-theora: a1e56fd34408186e4bbccfd4996cb3dc -> 
  custom:container-muxer-webm: aa71ff27fc2769a1b78a27578f13a17b -> 
  custom:container-demuxer-webm: 4f35f7cbe854078d1ac9338744f61a02 -> 
  custom:container-demuxer-ogg: 62fdf1f143b41e24485cea50d1cbac27 -> 
  custom:video-encoder-webm-vp8: eb34c28f22e8b96e1ab97ce403110664 -> 
  custom:video-decoder-webm-vp8: 9c59270c3fd7afecdb556c50c9e8de78 -> 
  custom:graphics/normal-map-encoding: 01000000000000000000000000000000 -> 02000000000000000000000000000000
  custom:audio-decoder-ogg-vorbis: bf7c407c2cedff20999df2af8eb42d56 -> 
  custom:audio-encoder-webm-vorbis: bf7c407c2cedff20999df2af8eb42d56 -> 
AssetImportWorkerClient::OnTransportError - code=2 error=End of file
